Analysis & Synthesis report for lab7_top
Thu Nov 30 21:02:56 2023
Quartus Prime Version 18.1.0 Build 625 09/12/2018 SJ Lite Edition


---------------------
; Table of Contents ;
---------------------
  1. Legal Notice
  2. Analysis & Synthesis Summary
  3. Analysis & Synthesis Settings
  4. Parallel Compilation
  5. Analysis & Synthesis Source Files Read
  6. Analysis & Synthesis Resource Usage Summary
  7. Analysis & Synthesis Resource Utilization by Entity
  8. Analysis & Synthesis RAM Summary
  9. State Machine - |lab7_top|cpu:CPU|fsm:fsm_controller|present_state
 10. Logic Cells Representing Combinational Loops
 11. Registers Removed During Synthesis
 12. General Register Statistics
 13. Registers Packed Into Inferred Megafunctions
 14. Multiplexer Restructuring Statistics (Restructuring Performed)
 15. Source assignments for RAM:MEM|altsyncram:mem_rtl_0|altsyncram_65r1:auto_generated
 16. Parameter Settings for User Entity Instance: RAM:MEM
 17. Parameter Settings for Inferred Entity Instance: RAM:MEM|altsyncram:mem_rtl_0
 18. altsyncram Parameter Settings by Entity Instance
 19. Port Connectivity Checks: "cpu:CPU"
 20. Post-Synthesis Netlist Statistics for Top Partition
 21. Elapsed Time Per Partition
 22. Analysis & Synthesis Messages
 23. Analysis & Synthesis Suppressed Messages



----------------
; Legal Notice ;
----------------
Copyright (C) 2018  Intel Corporation. All rights reserved.
Your use of Intel Corporation's design tools, logic functions 
and other software and tools, and its AMPP partner logic 
functions, and any output files from any of the foregoing 
(including device programming or simulation files), and any 
associated documentation or information are expressly subject 
to the terms and conditions of the Intel Program License 
Subscription Agreement, the Intel Quartus Prime License Agreement,
the Intel FPGA IP License Agreement, or other applicable license
agreement, including, without limitation, that your use is for
the sole purpose of programming logic devices manufactured by
Intel and sold by Intel or its authorized distributors.  Please
refer to the applicable agreement for further details.



+-------------------------------------------------------------------------------+
; Analysis & Synthesis Summary                                                  ;
+---------------------------------+---------------------------------------------+
; Analysis & Synthesis Status     ; Successful - Thu Nov 30 21:02:56 2023       ;
; Quartus Prime Version           ; 18.1.0 Build 625 09/12/2018 SJ Lite Edition ;
; Revision Name                   ; lab7_top                                    ;
; Top-level Entity Name           ; lab7_top                                    ;
; Family                          ; Cyclone V                                   ;
; Logic utilization (in ALMs)     ; N/A                                         ;
; Total registers                 ; 239                                         ;
; Total pins                      ; 66                                          ;
; Total virtual pins              ; 0                                           ;
; Total block memory bits         ; 4,096                                       ;
; Total DSP Blocks                ; 0                                           ;
; Total HSSI RX PCSs              ; 0                                           ;
; Total HSSI PMA RX Deserializers ; 0                                           ;
; Total HSSI TX PCSs              ; 0                                           ;
; Total HSSI PMA TX Serializers   ; 0                                           ;
; Total PLLs                      ; 0                                           ;
; Total DLLs                      ; 0                                           ;
+---------------------------------+---------------------------------------------+


+---------------------------------------------------------------------------------------------------------------------------+
; Analysis & Synthesis Settings                                                                                             ;
+---------------------------------------------------------------------------------+--------------------+--------------------+
; Option                                                                          ; Setting            ; Default Value      ;
+---------------------------------------------------------------------------------+--------------------+--------------------+
; Device                                                                          ; 5CSEMA5F31C6       ;                    ;
; Top-level entity name                                                           ; lab7_top           ; lab7_top           ;
; Family name                                                                     ; Cyclone V          ; Cyclone V          ;
; Use smart compilation                                                           ; Off                ; Off                ;
; Enable parallel Assembler and Timing Analyzer during compilation                ; On                 ; On                 ;
; Enable compact report table                                                     ; Off                ; Off                ;
; Restructure Multiplexers                                                        ; Auto               ; Auto               ;
; MLAB Add Timing Constraints For Mixed-Port Feed-Through Mode Setting Don't Care ; Off                ; Off                ;
; Create Debugging Nodes for IP Cores                                             ; Off                ; Off                ;
; Preserve fewer node names                                                       ; On                 ; On                 ;
; Intel FPGA IP Evaluation Mode                                                   ; Enable             ; Enable             ;
; Verilog Version                                                                 ; Verilog_2001       ; Verilog_2001       ;
; VHDL Version                                                                    ; VHDL_1993          ; VHDL_1993          ;
; State Machine Processing                                                        ; Auto               ; Auto               ;
; Safe State Machine                                                              ; Off                ; Off                ;
; Extract Verilog State Machines                                                  ; On                 ; On                 ;
; Extract VHDL State Machines                                                     ; On                 ; On                 ;
; Ignore Verilog initial constructs                                               ; Off                ; Off                ;
; Iteration limit for constant Verilog loops                                      ; 5000               ; 5000               ;
; Iteration limit for non-constant Verilog loops                                  ; 250                ; 250                ;
; Add Pass-Through Logic to Inferred RAMs                                         ; On                 ; On                 ;
; Infer RAMs from Raw Logic                                                       ; On                 ; On                 ;
; Parallel Synthesis                                                              ; On                 ; On                 ;
; DSP Block Balancing                                                             ; Auto               ; Auto               ;
; NOT Gate Push-Back                                                              ; On                 ; On                 ;
; Power-Up Don't Care                                                             ; On                 ; On                 ;
; Remove Redundant Logic Cells                                                    ; Off                ; Off                ;
; Remove Duplicate Registers                                                      ; On                 ; On                 ;
; Ignore CARRY Buffers                                                            ; Off                ; Off                ;
; Ignore CASCADE Buffers                                                          ; Off                ; Off                ;
; Ignore GLOBAL Buffers                                                           ; Off                ; Off                ;
; Ignore ROW GLOBAL Buffers                                                       ; Off                ; Off                ;
; Ignore LCELL Buffers                                                            ; Off                ; Off                ;
; Ignore SOFT Buffers                                                             ; On                 ; On                 ;
; Limit AHDL Integers to 32 Bits                                                  ; Off                ; Off                ;
; Optimization Technique                                                          ; Balanced           ; Balanced           ;
; Carry Chain Length                                                              ; 70                 ; 70                 ;
; Auto Carry Chains                                                               ; On                 ; On                 ;
; Auto Open-Drain Pins                                                            ; On                 ; On                 ;
; Perform WYSIWYG Primitive Resynthesis                                           ; Off                ; Off                ;
; Auto ROM Replacement                                                            ; On                 ; On                 ;
; Auto RAM Replacement                                                            ; On                 ; On                 ;
; Auto DSP Block Replacement                                                      ; On                 ; On                 ;
; Auto Shift Register Replacement                                                 ; Auto               ; Auto               ;
; Allow Shift Register Merging across Hierarchies                                 ; Auto               ; Auto               ;
; Auto Clock Enable Replacement                                                   ; On                 ; On                 ;
; Strict RAM Replacement                                                          ; Off                ; Off                ;
; Allow Synchronous Control Signals                                               ; On                 ; On                 ;
; Force Use of Synchronous Clear Signals                                          ; Off                ; Off                ;
; Auto Resource Sharing                                                           ; Off                ; Off                ;
; Allow Any RAM Size For Recognition                                              ; Off                ; Off                ;
; Allow Any ROM Size For Recognition                                              ; Off                ; Off                ;
; Allow Any Shift Register Size For Recognition                                   ; Off                ; Off                ;
; Use LogicLock Constraints during Resource Balancing                             ; On                 ; On                 ;
; Ignore translate_off and synthesis_off directives                               ; Off                ; Off                ;
; Timing-Driven Synthesis                                                         ; On                 ; On                 ;
; Report Parameter Settings                                                       ; On                 ; On                 ;
; Report Source Assignments                                                       ; On                 ; On                 ;
; Report Connectivity Checks                                                      ; On                 ; On                 ;
; Ignore Maximum Fan-Out Assignments                                              ; Off                ; Off                ;
; Synchronization Register Chain Length                                           ; 3                  ; 3                  ;
; Power Optimization During Synthesis                                             ; Normal compilation ; Normal compilation ;
; HDL message level                                                               ; Level2             ; Level2             ;
; Suppress Register Optimization Related Messages                                 ; Off                ; Off                ;
; Number of Removed Registers Reported in Synthesis Report                        ; 5000               ; 5000               ;
; Number of Swept Nodes Reported in Synthesis Report                              ; 5000               ; 5000               ;
; Number of Inverted Registers Reported in Synthesis Report                       ; 100                ; 100                ;
; Clock MUX Protection                                                            ; On                 ; On                 ;
; Auto Gated Clock Conversion                                                     ; Off                ; Off                ;
; Block Design Naming                                                             ; Auto               ; Auto               ;
; SDC constraint protection                                                       ; Off                ; Off                ;
; Synthesis Effort                                                                ; Auto               ; Auto               ;
; Shift Register Replacement - Allow Asynchronous Clear Signal                    ; On                 ; On                 ;
; Pre-Mapping Resynthesis Optimization                                            ; Off                ; Off                ;
; Analysis & Synthesis Message Level                                              ; Medium             ; Medium             ;
; Disable Register Merging Across Hierarchies                                     ; Auto               ; Auto               ;
; Resource Aware Inference For Block RAM                                          ; On                 ; On                 ;
; Automatic Parallel Synthesis                                                    ; On                 ; On                 ;
; Partial Reconfiguration Bitstream ID                                            ; Off                ; Off                ;
+---------------------------------------------------------------------------------+--------------------+--------------------+


+------------------------------------------+
; Parallel Compilation                     ;
+----------------------------+-------------+
; Processors                 ; Number      ;
+----------------------------+-------------+
; Number detected on machine ; 16          ;
; Maximum allowed            ; 16          ;
;                            ;             ;
; Average used               ; 1.00        ;
; Maximum used               ; 16          ;
;                            ;             ;
; Usage by Processor         ; % Time Used ;
;     Processor 1            ; 100.0%      ;
;     Processors 2-16        ;   0.0%      ;
+----------------------------+-------------+


+--------------------------------------------------------------------------------------------------------------------------------------------------------------------------------------------------------------------+
; Analysis & Synthesis Source Files Read                                                                                                                                                                             ;
+------------------------------------+-----------------+-------------------------------------------------------+-------------------------------------------------------------------------------------------+---------+
; File Name with User-Entered Path   ; Used in Netlist ; File Type                                             ; File Name with Absolute Path                                                              ; Library ;
+------------------------------------+-----------------+-------------------------------------------------------+-------------------------------------------------------------------------------------------+---------+
; shifter.sv                         ; yes             ; User SystemVerilog HDL File                           ; C:/intelFPGA_lite/18.1/CPEN_211/211_Lab_7/yousussybaka/shifter.sv                         ;         ;
; regfile.sv                         ; yes             ; User SystemVerilog HDL File                           ; C:/intelFPGA_lite/18.1/CPEN_211/211_Lab_7/yousussybaka/regfile.sv                         ;         ;
; RAM_and_misc.sv                    ; yes             ; User SystemVerilog HDL File                           ; C:/intelFPGA_lite/18.1/CPEN_211/211_Lab_7/yousussybaka/RAM_and_misc.sv                    ;         ;
; fsm.sv                             ; yes             ; User SystemVerilog HDL File                           ; C:/intelFPGA_lite/18.1/CPEN_211/211_Lab_7/yousussybaka/fsm.sv                             ;         ;
; datapath.sv                        ; yes             ; User SystemVerilog HDL File                           ; C:/intelFPGA_lite/18.1/CPEN_211/211_Lab_7/yousussybaka/datapath.sv                        ;         ;
; cpu.sv                             ; yes             ; User SystemVerilog HDL File                           ; C:/intelFPGA_lite/18.1/CPEN_211/211_Lab_7/yousussybaka/cpu.sv                             ;         ;
; ALU.sv                             ; yes             ; User SystemVerilog HDL File                           ; C:/intelFPGA_lite/18.1/CPEN_211/211_Lab_7/yousussybaka/ALU.sv                             ;         ;
; lab7_top.sv                        ; yes             ; User SystemVerilog HDL File                           ; C:/intelFPGA_lite/18.1/CPEN_211/211_Lab_7/yousussybaka/lab7_top.sv                        ;         ;
; altsyncram.tdf                     ; yes             ; Megafunction                                          ; c:/intelfpga_lite/18.1/stuff/quartus/libraries/megafunctions/altsyncram.tdf               ;         ;
; stratix_ram_block.inc              ; yes             ; Megafunction                                          ; c:/intelfpga_lite/18.1/stuff/quartus/libraries/megafunctions/stratix_ram_block.inc        ;         ;
; lpm_mux.inc                        ; yes             ; Megafunction                                          ; c:/intelfpga_lite/18.1/stuff/quartus/libraries/megafunctions/lpm_mux.inc                  ;         ;
; lpm_decode.inc                     ; yes             ; Megafunction                                          ; c:/intelfpga_lite/18.1/stuff/quartus/libraries/megafunctions/lpm_decode.inc               ;         ;
; aglobal181.inc                     ; yes             ; Megafunction                                          ; c:/intelfpga_lite/18.1/stuff/quartus/libraries/megafunctions/aglobal181.inc               ;         ;
; a_rdenreg.inc                      ; yes             ; Megafunction                                          ; c:/intelfpga_lite/18.1/stuff/quartus/libraries/megafunctions/a_rdenreg.inc                ;         ;
; altrom.inc                         ; yes             ; Megafunction                                          ; c:/intelfpga_lite/18.1/stuff/quartus/libraries/megafunctions/altrom.inc                   ;         ;
; altram.inc                         ; yes             ; Megafunction                                          ; c:/intelfpga_lite/18.1/stuff/quartus/libraries/megafunctions/altram.inc                   ;         ;
; altdpram.inc                       ; yes             ; Megafunction                                          ; c:/intelfpga_lite/18.1/stuff/quartus/libraries/megafunctions/altdpram.inc                 ;         ;
; db/altsyncram_65r1.tdf             ; yes             ; Auto-Generated Megafunction                           ; C:/intelFPGA_lite/18.1/CPEN_211/211_Lab_7/yousussybaka/db/altsyncram_65r1.tdf             ;         ;
; db/lab7_top.ram0_RAM_15119.hdl.mif ; yes             ; Auto-Generated Auto-Found Memory Initialization File  ; C:/intelFPGA_lite/18.1/CPEN_211/211_Lab_7/yousussybaka/db/lab7_top.ram0_RAM_15119.hdl.mif ;         ;
+------------------------------------+-----------------+-------------------------------------------------------+-------------------------------------------------------------------------------------------+---------+


+------------------------------------------------------------+
; Analysis & Synthesis Resource Usage Summary                ;
+---------------------------------------------+--------------+
; Resource                                    ; Usage        ;
+---------------------------------------------+--------------+
; Estimate of Logic utilization (ALMs needed) ; 173          ;
;                                             ;              ;
; Combinational ALUT usage for logic          ; 225          ;
;     -- 7 input functions                    ; 8            ;
;     -- 6 input functions                    ; 66           ;
;     -- 5 input functions                    ; 60           ;
;     -- 4 input functions                    ; 42           ;
;     -- <=3 input functions                  ; 49           ;
;                                             ;              ;
; Dedicated logic registers                   ; 239          ;
;                                             ;              ;
; I/O pins                                    ; 66           ;
; Total MLAB memory bits                      ; 0            ;
; Total block memory bits                     ; 4096         ;
;                                             ;              ;
; Total DSP Blocks                            ; 0            ;
;                                             ;              ;
; Maximum fan-out node                        ; KEY[0]~input ;
; Maximum fan-out                             ; 255          ;
; Total fan-out                               ; 2048         ;
; Average fan-out                             ; 3.35         ;
+---------------------------------------------+--------------+


+------------------------------------------------------------------------------------------------------------------------------------------------------------------------------------------------------------------------------------------------------------------+
; Analysis & Synthesis Resource Utilization by Entity                                                                                                                                                                                                              ;
+-------------------------------------------+---------------------+---------------------------+-------------------+------------+------+--------------+-----------------------------------------------------------------------+----------------------+--------------+
; Compilation Hierarchy Node                ; Combinational ALUTs ; Dedicated Logic Registers ; Block Memory Bits ; DSP Blocks ; Pins ; Virtual Pins ; Full Hierarchy Name                                                   ; Entity Name          ; Library Name ;
+-------------------------------------------+---------------------+---------------------------+-------------------+------------+------+--------------+-----------------------------------------------------------------------+----------------------+--------------+
; |lab7_top                                 ; 225 (22)            ; 239 (0)                   ; 4096              ; 0          ; 66   ; 0            ; |lab7_top                                                             ; lab7_top             ; work         ;
;    |RAM:MEM|                              ; 0 (0)               ; 0 (0)                     ; 4096              ; 0          ; 0    ; 0            ; |lab7_top|RAM:MEM                                                     ; RAM                  ; work         ;
;       |altsyncram:mem_rtl_0|              ; 0 (0)               ; 0 (0)                     ; 4096              ; 0          ; 0    ; 0            ; |lab7_top|RAM:MEM|altsyncram:mem_rtl_0                                ; altsyncram           ; work         ;
;          |altsyncram_65r1:auto_generated| ; 0 (0)               ; 0 (0)                     ; 4096              ; 0          ; 0    ; 0            ; |lab7_top|RAM:MEM|altsyncram:mem_rtl_0|altsyncram_65r1:auto_generated ; altsyncram_65r1      ; work         ;
;    |comb_block_right:controller3|         ; 3 (3)               ; 0 (0)                     ; 0                 ; 0          ; 0    ; 0            ; |lab7_top|comb_block_right:controller3                                ; comb_block_right     ; work         ;
;    |cpu:CPU|                              ; 199 (0)             ; 231 (0)                   ; 0                 ; 0          ; 0    ; 0            ; |lab7_top|cpu:CPU                                                     ; cpu                  ; work         ;
;       |adder:adder1|                      ; 9 (9)               ; 0 (0)                     ; 0                 ; 0          ; 0    ; 0            ; |lab7_top|cpu:CPU|adder:adder1                                        ; adder                ; work         ;
;       |datapath:DP|                       ; 129 (0)             ; 176 (0)                   ; 0                 ; 0          ; 0    ; 0            ; |lab7_top|cpu:CPU|datapath:DP                                         ; datapath             ; work         ;
;          |ALU:KYS|                        ; 33 (33)             ; 0 (0)                     ; 0                 ; 0          ; 0    ; 0            ; |lab7_top|cpu:CPU|datapath:DP|ALU:KYS                                 ; ALU                  ; work         ;
;          |pipeline_reg:amongusA|          ; 0 (0)               ; 16 (16)                   ; 0                 ; 0          ; 0    ; 0            ; |lab7_top|cpu:CPU|datapath:DP|pipeline_reg:amongusA                   ; pipeline_reg         ; work         ;
;          |pipeline_reg:amongusB|          ; 0 (0)               ; 16 (16)                   ; 0                 ; 0          ; 0    ; 0            ; |lab7_top|cpu:CPU|datapath:DP|pipeline_reg:amongusB                   ; pipeline_reg         ; work         ;
;          |pipeline_reg:amongusC|          ; 0 (0)               ; 16 (16)                   ; 0                 ; 0          ; 0    ; 0            ; |lab7_top|cpu:CPU|datapath:DP|pipeline_reg:amongusC                   ; pipeline_reg         ; work         ;
;          |regfile:REGFILE|                ; 60 (8)              ; 128 (0)                   ; 0                 ; 0          ; 0    ; 0            ; |lab7_top|cpu:CPU|datapath:DP|regfile:REGFILE                         ; regfile              ; work         ;
;             |decoder3to8:ReadDecoder|     ; 1 (1)               ; 0 (0)                     ; 0                 ; 0          ; 0    ; 0            ; |lab7_top|cpu:CPU|datapath:DP|regfile:REGFILE|decoder3to8:ReadDecoder ; decoder3to8          ; work         ;
;             |mux8to1:mux1|                ; 51 (51)             ; 0 (0)                     ; 0                 ; 0          ; 0    ; 0            ; |lab7_top|cpu:CPU|datapath:DP|regfile:REGFILE|mux8to1:mux1            ; mux8to1              ; work         ;
;             |register:r0|                 ; 0 (0)               ; 16 (16)                   ; 0                 ; 0          ; 0    ; 0            ; |lab7_top|cpu:CPU|datapath:DP|regfile:REGFILE|register:r0             ; register             ; work         ;
;             |register:r1|                 ; 0 (0)               ; 16 (16)                   ; 0                 ; 0          ; 0    ; 0            ; |lab7_top|cpu:CPU|datapath:DP|regfile:REGFILE|register:r1             ; register             ; work         ;
;             |register:r2|                 ; 0 (0)               ; 16 (16)                   ; 0                 ; 0          ; 0    ; 0            ; |lab7_top|cpu:CPU|datapath:DP|regfile:REGFILE|register:r2             ; register             ; work         ;
;             |register:r3|                 ; 0 (0)               ; 16 (16)                   ; 0                 ; 0          ; 0    ; 0            ; |lab7_top|cpu:CPU|datapath:DP|regfile:REGFILE|register:r3             ; register             ; work         ;
;             |register:r4|                 ; 0 (0)               ; 16 (16)                   ; 0                 ; 0          ; 0    ; 0            ; |lab7_top|cpu:CPU|datapath:DP|regfile:REGFILE|register:r4             ; register             ; work         ;
;             |register:r5|                 ; 0 (0)               ; 16 (16)                   ; 0                 ; 0          ; 0    ; 0            ; |lab7_top|cpu:CPU|datapath:DP|regfile:REGFILE|register:r5             ; register             ; work         ;
;             |register:r6|                 ; 0 (0)               ; 16 (16)                   ; 0                 ; 0          ; 0    ; 0            ; |lab7_top|cpu:CPU|datapath:DP|regfile:REGFILE|register:r6             ; register             ; work         ;
;             |register:r7|                 ; 0 (0)               ; 16 (16)                   ; 0                 ; 0          ; 0    ; 0            ; |lab7_top|cpu:CPU|datapath:DP|regfile:REGFILE|register:r7             ; register             ; work         ;
;          |shifter:baka|                   ; 2 (2)               ; 0 (0)                     ; 0                 ; 0          ; 0    ; 0            ; |lab7_top|cpu:CPU|datapath:DP|shifter:baka                            ; shifter              ; work         ;
;          |sourceop_mux_a:sussySelectA|    ; 2 (2)               ; 0 (0)                     ; 0                 ; 0          ; 0    ; 0            ; |lab7_top|cpu:CPU|datapath:DP|sourceop_mux_a:sussySelectA             ; sourceop_mux_a       ; work         ;
;          |sourceop_mux_b:sussySelectB|    ; 16 (16)             ; 0 (0)                     ; 0                 ; 0          ; 0    ; 0            ; |lab7_top|cpu:CPU|datapath:DP|sourceop_mux_b:sussySelectB             ; sourceop_mux_b       ; work         ;
;          |writeback_mux:mux1|             ; 16 (16)             ; 0 (0)                     ; 0                 ; 0          ; 0    ; 0            ; |lab7_top|cpu:CPU|datapath:DP|writeback_mux:mux1                      ; writeback_mux        ; work         ;
;       |fsm:fsm_controller|                ; 50 (50)             ; 21 (21)                   ; 0                 ; 0          ; 0    ; 0            ; |lab7_top|cpu:CPU|fsm:fsm_controller                                  ; fsm                  ; work         ;
;       |instru_decoder:cucumber|           ; 3 (0)               ; 0 (0)                     ; 0                 ; 0          ; 0    ; 0            ; |lab7_top|cpu:CPU|instru_decoder:cucumber                             ; instru_decoder       ; work         ;
;          |mux3to1:muxsus|                 ; 3 (3)               ; 0 (0)                     ; 0                 ; 0          ; 0    ; 0            ; |lab7_top|cpu:CPU|instru_decoder:cucumber|mux3to1:muxsus              ; mux3to1              ; work         ;
;       |instru_reg:carrot|                 ; 0 (0)               ; 16 (16)                   ; 0                 ; 0          ; 0    ; 0            ; |lab7_top|cpu:CPU|instru_reg:carrot                                   ; instru_reg           ; work         ;
;       |mux2to1addr:mux2|                  ; 8 (8)               ; 0 (0)                     ; 0                 ; 0          ; 0    ; 0            ; |lab7_top|cpu:CPU|mux2to1addr:mux2                                    ; mux2to1addr          ; work         ;
;       |pc_reg_two_clk:data_address_reg|   ; 0 (0)               ; 9 (9)                     ; 0                 ; 0          ; 0    ; 0            ; |lab7_top|cpu:CPU|pc_reg_two_clk:data_address_reg                     ; pc_reg_two_clk       ; work         ;
;       |pc_reg_two_clk:reg_pc|             ; 0 (0)               ; 9 (9)                     ; 0                 ; 0          ; 0    ; 0            ; |lab7_top|cpu:CPU|pc_reg_two_clk:reg_pc                               ; pc_reg_two_clk       ; work         ;
;    |regtest:bakakakaka|                   ; 0 (0)               ; 8 (8)                     ; 0                 ; 0          ; 0    ; 0            ; |lab7_top|regtest:bakakakaka                                          ; regtest              ; work         ;
;    |tri_state_controller:controller|      ; 1 (1)               ; 0 (0)                     ; 0                 ; 0          ; 0    ; 0            ; |lab7_top|tri_state_controller:controller                             ; tri_state_controller ; work         ;
+-------------------------------------------+---------------------+---------------------------+-------------------+------------+------+--------------+-----------------------------------------------------------------------+----------------------+--------------+
Note: For table entries with two numbers listed, the numbers in parentheses indicate the number of resources of the given type used by the specific entity alone. The numbers listed outside of parentheses indicate the total resources of the given type used by the specific entity and all of its sub-entities in the hierarchy.


+----------------------------------------------------------------------------------------------------------------------------------------------------------------------------------------------------------+
; Analysis & Synthesis RAM Summary                                                                                                                                                                         ;
+------------------------------------------------------------------------+------+------------------+--------------+--------------+--------------+--------------+------+------------------------------------+
; Name                                                                   ; Type ; Mode             ; Port A Depth ; Port A Width ; Port B Depth ; Port B Width ; Size ; MIF                                ;
+------------------------------------------------------------------------+------+------------------+--------------+--------------+--------------+--------------+------+------------------------------------+
; RAM:MEM|altsyncram:mem_rtl_0|altsyncram_65r1:auto_generated|ALTSYNCRAM ; AUTO ; Simple Dual Port ; 256          ; 16           ; 256          ; 16           ; 4096 ; db/lab7_top.ram0_RAM_15119.hdl.mif ;
+------------------------------------------------------------------------+------+------------------+--------------+--------------+--------------+--------------+------+------------------------------------+


Encoding Type:  One-Hot
+---------------------------------------------------------------------------------------------------------------------------------------------------------------------------------------------------------------------------------------------------------------------------------------------------------------------------------------------------------------------------------------------------------------------------------------------------------------------------------------------------+
; State Machine - |lab7_top|cpu:CPU|fsm:fsm_controller|present_state                                                                                                                                                                                                                                                                                                                                                                                                                                ;
+---------------------+---------------------+---------------------+---------------------+---------------------+---------------------+---------------------+---------------------+---------------------+---------------------+---------------------+---------------------+---------------------+---------------------+---------------------+---------------------+---------------------+---------------------+---------------------+---------------------+---------------------+---------------------+
; Name                ; present_state.10100 ; present_state.10011 ; present_state.10010 ; present_state.10001 ; present_state.10000 ; present_state.01111 ; present_state.01110 ; present_state.01101 ; present_state.01100 ; present_state.01011 ; present_state.01010 ; present_state.01001 ; present_state.01000 ; present_state.00111 ; present_state.00110 ; present_state.00101 ; present_state.00100 ; present_state.00011 ; present_state.00010 ; present_state.00001 ; present_state.00000 ;
+---------------------+---------------------+---------------------+---------------------+---------------------+---------------------+---------------------+---------------------+---------------------+---------------------+---------------------+---------------------+---------------------+---------------------+---------------------+---------------------+---------------------+---------------------+---------------------+---------------------+---------------------+---------------------+
; present_state.00000 ; 0                   ; 0                   ; 0                   ; 0                   ; 0                   ; 0                   ; 0                   ; 0                   ; 0                   ; 0                   ; 0                   ; 0                   ; 0                   ; 0                   ; 0                   ; 0                   ; 0                   ; 0                   ; 0                   ; 0                   ; 0                   ;
; present_state.00001 ; 0                   ; 0                   ; 0                   ; 0                   ; 0                   ; 0                   ; 0                   ; 0                   ; 0                   ; 0                   ; 0                   ; 0                   ; 0                   ; 0                   ; 0                   ; 0                   ; 0                   ; 0                   ; 0                   ; 1                   ; 1                   ;
; present_state.00010 ; 0                   ; 0                   ; 0                   ; 0                   ; 0                   ; 0                   ; 0                   ; 0                   ; 0                   ; 0                   ; 0                   ; 0                   ; 0                   ; 0                   ; 0                   ; 0                   ; 0                   ; 0                   ; 1                   ; 0                   ; 1                   ;
; present_state.00011 ; 0                   ; 0                   ; 0                   ; 0                   ; 0                   ; 0                   ; 0                   ; 0                   ; 0                   ; 0                   ; 0                   ; 0                   ; 0                   ; 0                   ; 0                   ; 0                   ; 0                   ; 1                   ; 0                   ; 0                   ; 1                   ;
; present_state.00100 ; 0                   ; 0                   ; 0                   ; 0                   ; 0                   ; 0                   ; 0                   ; 0                   ; 0                   ; 0                   ; 0                   ; 0                   ; 0                   ; 0                   ; 0                   ; 0                   ; 1                   ; 0                   ; 0                   ; 0                   ; 1                   ;
; present_state.00101 ; 0                   ; 0                   ; 0                   ; 0                   ; 0                   ; 0                   ; 0                   ; 0                   ; 0                   ; 0                   ; 0                   ; 0                   ; 0                   ; 0                   ; 0                   ; 1                   ; 0                   ; 0                   ; 0                   ; 0                   ; 1                   ;
; present_state.00110 ; 0                   ; 0                   ; 0                   ; 0                   ; 0                   ; 0                   ; 0                   ; 0                   ; 0                   ; 0                   ; 0                   ; 0                   ; 0                   ; 0                   ; 1                   ; 0                   ; 0                   ; 0                   ; 0                   ; 0                   ; 1                   ;
; present_state.00111 ; 0                   ; 0                   ; 0                   ; 0                   ; 0                   ; 0                   ; 0                   ; 0                   ; 0                   ; 0                   ; 0                   ; 0                   ; 0                   ; 1                   ; 0                   ; 0                   ; 0                   ; 0                   ; 0                   ; 0                   ; 1                   ;
; present_state.01000 ; 0                   ; 0                   ; 0                   ; 0                   ; 0                   ; 0                   ; 0                   ; 0                   ; 0                   ; 0                   ; 0                   ; 0                   ; 1                   ; 0                   ; 0                   ; 0                   ; 0                   ; 0                   ; 0                   ; 0                   ; 1                   ;
; present_state.01001 ; 0                   ; 0                   ; 0                   ; 0                   ; 0                   ; 0                   ; 0                   ; 0                   ; 0                   ; 0                   ; 0                   ; 1                   ; 0                   ; 0                   ; 0                   ; 0                   ; 0                   ; 0                   ; 0                   ; 0                   ; 1                   ;
; present_state.01010 ; 0                   ; 0                   ; 0                   ; 0                   ; 0                   ; 0                   ; 0                   ; 0                   ; 0                   ; 0                   ; 1                   ; 0                   ; 0                   ; 0                   ; 0                   ; 0                   ; 0                   ; 0                   ; 0                   ; 0                   ; 1                   ;
; present_state.01011 ; 0                   ; 0                   ; 0                   ; 0                   ; 0                   ; 0                   ; 0                   ; 0                   ; 0                   ; 1                   ; 0                   ; 0                   ; 0                   ; 0                   ; 0                   ; 0                   ; 0                   ; 0                   ; 0                   ; 0                   ; 1                   ;
; present_state.01100 ; 0                   ; 0                   ; 0                   ; 0                   ; 0                   ; 0                   ; 0                   ; 0                   ; 1                   ; 0                   ; 0                   ; 0                   ; 0                   ; 0                   ; 0                   ; 0                   ; 0                   ; 0                   ; 0                   ; 0                   ; 1                   ;
; present_state.01101 ; 0                   ; 0                   ; 0                   ; 0                   ; 0                   ; 0                   ; 0                   ; 1                   ; 0                   ; 0                   ; 0                   ; 0                   ; 0                   ; 0                   ; 0                   ; 0                   ; 0                   ; 0                   ; 0                   ; 0                   ; 1                   ;
; present_state.01110 ; 0                   ; 0                   ; 0                   ; 0                   ; 0                   ; 0                   ; 1                   ; 0                   ; 0                   ; 0                   ; 0                   ; 0                   ; 0                   ; 0                   ; 0                   ; 0                   ; 0                   ; 0                   ; 0                   ; 0                   ; 1                   ;
; present_state.01111 ; 0                   ; 0                   ; 0                   ; 0                   ; 0                   ; 1                   ; 0                   ; 0                   ; 0                   ; 0                   ; 0                   ; 0                   ; 0                   ; 0                   ; 0                   ; 0                   ; 0                   ; 0                   ; 0                   ; 0                   ; 1                   ;
; present_state.10000 ; 0                   ; 0                   ; 0                   ; 0                   ; 1                   ; 0                   ; 0                   ; 0                   ; 0                   ; 0                   ; 0                   ; 0                   ; 0                   ; 0                   ; 0                   ; 0                   ; 0                   ; 0                   ; 0                   ; 0                   ; 1                   ;
; present_state.10001 ; 0                   ; 0                   ; 0                   ; 1                   ; 0                   ; 0                   ; 0                   ; 0                   ; 0                   ; 0                   ; 0                   ; 0                   ; 0                   ; 0                   ; 0                   ; 0                   ; 0                   ; 0                   ; 0                   ; 0                   ; 1                   ;
; present_state.10010 ; 0                   ; 0                   ; 1                   ; 0                   ; 0                   ; 0                   ; 0                   ; 0                   ; 0                   ; 0                   ; 0                   ; 0                   ; 0                   ; 0                   ; 0                   ; 0                   ; 0                   ; 0                   ; 0                   ; 0                   ; 1                   ;
; present_state.10011 ; 0                   ; 1                   ; 0                   ; 0                   ; 0                   ; 0                   ; 0                   ; 0                   ; 0                   ; 0                   ; 0                   ; 0                   ; 0                   ; 0                   ; 0                   ; 0                   ; 0                   ; 0                   ; 0                   ; 0                   ; 1                   ;
; present_state.10100 ; 1                   ; 0                   ; 0                   ; 0                   ; 0                   ; 0                   ; 0                   ; 0                   ; 0                   ; 0                   ; 0                   ; 0                   ; 0                   ; 0                   ; 0                   ; 0                   ; 0                   ; 0                   ; 0                   ; 0                   ; 1                   ;
+---------------------+---------------------+---------------------+---------------------+---------------------+---------------------+---------------------+---------------------+---------------------+---------------------+---------------------+---------------------+---------------------+---------------------+---------------------+---------------------+---------------------+---------------------+---------------------+---------------------+---------------------+---------------------+


+-------------------------------------------------------------+
; Logic Cells Representing Combinational Loops                ;
+--------------------------------------------------------+----+
; Logic Cell Name                                        ;    ;
+--------------------------------------------------------+----+
; cpu:CPU|fsm:fsm_controller|mem_cmd[0]                  ;    ;
; cpu:CPU|fsm:fsm_controller|mem_cmd[1]                  ;    ;
; cpu:CPU|fsm:fsm_controller|addr_sel                    ;    ;
; cpu:CPU|fsm:fsm_controller|shiftsel                    ;    ;
; cpu:CPU|fsm:fsm_controller|bsel                        ;    ;
; cpu:CPU|fsm:fsm_controller|asel                        ;    ;
; cpu:CPU|fsm:fsm_controller|loadc                       ;    ;
; cpu:CPU|fsm:fsm_controller|load_addr                   ;    ;
; cpu:CPU|fsm:fsm_controller|reset_pc                    ;    ;
; cpu:CPU|fsm:fsm_controller|load_pc                     ;    ;
; cpu:CPU|fsm:fsm_controller|nsel[0]                     ;    ;
; cpu:CPU|fsm:fsm_controller|nsel[1]                     ;    ;
; cpu:CPU|fsm:fsm_controller|loadb                       ;    ;
; cpu:CPU|fsm:fsm_controller|load_ir                     ;    ;
; cpu:CPU|fsm:fsm_controller|loada                       ;    ;
; cpu:CPU|fsm:fsm_controller|vsel[0]                     ;    ;
; cpu:CPU|fsm:fsm_controller|vsel[1]                     ;    ;
; cpu:CPU|fsm:fsm_controller|write                       ;    ;
; Number of logic cells representing combinational loops ; 18 ;
+--------------------------------------------------------+----+
Note: All cells listed above may not be present at the end of synthesis due to various synthesis optimizations.


+------------------------------------------------------------------+
; Registers Removed During Synthesis                               ;
+---------------------------------------------+--------------------+
; Register name                               ; Reason for Removal ;
+---------------------------------------------+--------------------+
; cpu:CPU|fsm:fsm_controller|present_state~23 ; Lost fanout        ;
; cpu:CPU|fsm:fsm_controller|present_state~24 ; Lost fanout        ;
; cpu:CPU|fsm:fsm_controller|present_state~25 ; Lost fanout        ;
; cpu:CPU|fsm:fsm_controller|present_state~26 ; Lost fanout        ;
; cpu:CPU|fsm:fsm_controller|present_state~27 ; Lost fanout        ;
; Total Number of Removed Registers = 5       ;                    ;
+---------------------------------------------+--------------------+


+------------------------------------------------------+
; General Register Statistics                          ;
+----------------------------------------------+-------+
; Statistic                                    ; Value ;
+----------------------------------------------+-------+
; Total registers                              ; 239   ;
; Number of registers using Synchronous Clear  ; 22    ;
; Number of registers using Synchronous Load   ; 16    ;
; Number of registers using Asynchronous Clear ; 0     ;
; Number of registers using Asynchronous Load  ; 0     ;
; Number of registers using Clock Enable       ; 210   ;
; Number of registers using Preset             ; 0     ;
+----------------------------------------------+-------+


+------------------------------------------------+
; Registers Packed Into Inferred Megafunctions   ;
+---------------------+-------------------+------+
; Register Name       ; Megafunction      ; Type ;
+---------------------+-------------------+------+
; RAM:MEM|dout[0..15] ; RAM:MEM|mem_rtl_0 ; RAM  ;
+---------------------+-------------------+------+


+------------------------------------------------------------------------------------------------------------------------------------------------------------------------------------+
; Multiplexer Restructuring Statistics (Restructuring Performed)                                                                                                                     ;
+--------------------+-----------+---------------+----------------------+------------------------+------------+----------------------------------------------------------------------+
; Multiplexer Inputs ; Bus Width ; Baseline Area ; Area if Restructured ; Saving if Restructured ; Registered ; Example Multiplexer Output                                           ;
+--------------------+-----------+---------------+----------------------+------------------------+------------+----------------------------------------------------------------------+
; 4:1                ; 16 bits   ; 32 LEs        ; 32 LEs               ; 0 LEs                  ; Yes        ; |lab7_top|cpu:CPU|datapath:DP|pipeline_reg:amongusC|out[1]           ;
; 3:1                ; 7 bits    ; 14 LEs        ; 14 LEs               ; 0 LEs                  ; No         ; |lab7_top|cpu:CPU|fsm:fsm_controller|present_state                   ;
; 3:1                ; 3 bits    ; 6 LEs         ; 6 LEs                ; 0 LEs                  ; No         ; |lab7_top|cpu:CPU|instru_decoder:cucumber|mux3to1:muxsus|Mux0        ;
; 4:1                ; 16 bits   ; 32 LEs        ; 32 LEs               ; 0 LEs                  ; No         ; |lab7_top|cpu:CPU|datapath:DP|writeback_mux:mux1|Mux13               ;
; 5:1                ; 14 bits   ; 42 LEs        ; 28 LEs               ; 14 LEs                 ; No         ; |lab7_top|cpu:CPU|datapath:DP|sourceop_mux_b:sussySelectB|out[5]     ;
; 6:1                ; 7 bits    ; 28 LEs        ; 28 LEs               ; 0 LEs                  ; No         ; |lab7_top|cpu:CPU|fsm:fsm_controller|present_state                   ;
; 8:1                ; 16 bits   ; 80 LEs        ; 80 LEs               ; 0 LEs                  ; No         ; |lab7_top|cpu:CPU|datapath:DP|regfile:REGFILE|mux8to1:mux1|Selector2 ;
+--------------------+-----------+---------------+----------------------+------------------------+------------+----------------------------------------------------------------------+


+------------------------------------------------------------------------------------+
; Source assignments for RAM:MEM|altsyncram:mem_rtl_0|altsyncram_65r1:auto_generated ;
+---------------------------------+--------------------+------+----------------------+
; Assignment                      ; Value              ; From ; To                   ;
+---------------------------------+--------------------+------+----------------------+
; OPTIMIZE_POWER_DURING_SYNTHESIS ; NORMAL_COMPILATION ; -    ; -                    ;
+---------------------------------+--------------------+------+----------------------+


+------------------------------------------------------+
; Parameter Settings for User Entity Instance: RAM:MEM ;
+----------------+----------+--------------------------+
; Parameter Name ; Value    ; Type                     ;
+----------------+----------+--------------------------+
; data_width     ; 16       ; Signed Integer           ;
; addr_width     ; 8        ; Signed Integer           ;
; filename       ; data.txt ; String                   ;
+----------------+----------+--------------------------+
Note: In order to hide this table in the UI and the text report file, please set the "Show Parameter Settings in Synthesis Report" option in "Analysis and Synthesis Settings -> More Settings" to "Off".


+------------------------------------------------------------------------------------------+
; Parameter Settings for Inferred Entity Instance: RAM:MEM|altsyncram:mem_rtl_0            ;
+------------------------------------+------------------------------------+----------------+
; Parameter Name                     ; Value                              ; Type           ;
+------------------------------------+------------------------------------+----------------+
; BYTE_SIZE_BLOCK                    ; 8                                  ; Untyped        ;
; AUTO_CARRY_CHAINS                  ; ON                                 ; AUTO_CARRY     ;
; IGNORE_CARRY_BUFFERS               ; OFF                                ; IGNORE_CARRY   ;
; AUTO_CASCADE_CHAINS                ; ON                                 ; AUTO_CASCADE   ;
; IGNORE_CASCADE_BUFFERS             ; OFF                                ; IGNORE_CASCADE ;
; WIDTH_BYTEENA                      ; 1                                  ; Untyped        ;
; OPERATION_MODE                     ; DUAL_PORT                          ; Untyped        ;
; WIDTH_A                            ; 16                                 ; Untyped        ;
; WIDTHAD_A                          ; 8                                  ; Untyped        ;
; NUMWORDS_A                         ; 256                                ; Untyped        ;
; OUTDATA_REG_A                      ; UNREGISTERED                       ; Untyped        ;
; ADDRESS_ACLR_A                     ; NONE                               ; Untyped        ;
; OUTDATA_ACLR_A                     ; NONE                               ; Untyped        ;
; WRCONTROL_ACLR_A                   ; NONE                               ; Untyped        ;
; INDATA_ACLR_A                      ; NONE                               ; Untyped        ;
; BYTEENA_ACLR_A                     ; NONE                               ; Untyped        ;
; WIDTH_B                            ; 16                                 ; Untyped        ;
; WIDTHAD_B                          ; 8                                  ; Untyped        ;
; NUMWORDS_B                         ; 256                                ; Untyped        ;
; INDATA_REG_B                       ; CLOCK1                             ; Untyped        ;
; WRCONTROL_WRADDRESS_REG_B          ; CLOCK1                             ; Untyped        ;
; RDCONTROL_REG_B                    ; CLOCK1                             ; Untyped        ;
; ADDRESS_REG_B                      ; CLOCK0                             ; Untyped        ;
; OUTDATA_REG_B                      ; UNREGISTERED                       ; Untyped        ;
; BYTEENA_REG_B                      ; CLOCK1                             ; Untyped        ;
; INDATA_ACLR_B                      ; NONE                               ; Untyped        ;
; WRCONTROL_ACLR_B                   ; NONE                               ; Untyped        ;
; ADDRESS_ACLR_B                     ; NONE                               ; Untyped        ;
; OUTDATA_ACLR_B                     ; NONE                               ; Untyped        ;
; RDCONTROL_ACLR_B                   ; NONE                               ; Untyped        ;
; BYTEENA_ACLR_B                     ; NONE                               ; Untyped        ;
; WIDTH_BYTEENA_A                    ; 1                                  ; Untyped        ;
; WIDTH_BYTEENA_B                    ; 1                                  ; Untyped        ;
; RAM_BLOCK_TYPE                     ; AUTO                               ; Untyped        ;
; BYTE_SIZE                          ; 8                                  ; Untyped        ;
; READ_DURING_WRITE_MODE_MIXED_PORTS ; OLD_DATA                           ; Untyped        ;
; READ_DURING_WRITE_MODE_PORT_A      ; NEW_DATA_NO_NBE_READ               ; Untyped        ;
; READ_DURING_WRITE_MODE_PORT_B      ; NEW_DATA_NO_NBE_READ               ; Untyped        ;
; INIT_FILE                          ; db/lab7_top.ram0_RAM_15119.hdl.mif ; Untyped        ;
; INIT_FILE_LAYOUT                   ; PORT_A                             ; Untyped        ;
; MAXIMUM_DEPTH                      ; 0                                  ; Untyped        ;
; CLOCK_ENABLE_INPUT_A               ; NORMAL                             ; Untyped        ;
; CLOCK_ENABLE_INPUT_B               ; NORMAL                             ; Untyped        ;
; CLOCK_ENABLE_OUTPUT_A              ; NORMAL                             ; Untyped        ;
; CLOCK_ENABLE_OUTPUT_B              ; NORMAL                             ; Untyped        ;
; CLOCK_ENABLE_CORE_A                ; USE_INPUT_CLKEN                    ; Untyped        ;
; CLOCK_ENABLE_CORE_B                ; USE_INPUT_CLKEN                    ; Untyped        ;
; ENABLE_ECC                         ; FALSE                              ; Untyped        ;
; ECC_PIPELINE_STAGE_ENABLED         ; FALSE                              ; Untyped        ;
; WIDTH_ECCSTATUS                    ; 3                                  ; Untyped        ;
; DEVICE_FAMILY                      ; Cyclone V                          ; Untyped        ;
; CBXI_PARAMETER                     ; altsyncram_65r1                    ; Untyped        ;
+------------------------------------+------------------------------------+----------------+
Note: In order to hide this table in the UI and the text report file, please set the "Show Parameter Settings in Synthesis Report" option in "Analysis and Synthesis Settings -> More Settings" to "Off".


+--------------------------------------------------------------------------+
; altsyncram Parameter Settings by Entity Instance                         ;
+-------------------------------------------+------------------------------+
; Name                                      ; Value                        ;
+-------------------------------------------+------------------------------+
; Number of entity instances                ; 1                            ;
; Entity Instance                           ; RAM:MEM|altsyncram:mem_rtl_0 ;
;     -- OPERATION_MODE                     ; DUAL_PORT                    ;
;     -- WIDTH_A                            ; 16                           ;
;     -- NUMWORDS_A                         ; 256                          ;
;     -- OUTDATA_REG_A                      ; UNREGISTERED                 ;
;     -- WIDTH_B                            ; 16                           ;
;     -- NUMWORDS_B                         ; 256                          ;
;     -- ADDRESS_REG_B                      ; CLOCK0                       ;
;     -- OUTDATA_REG_B                      ; UNREGISTERED                 ;
;     -- RAM_BLOCK_TYPE                     ; AUTO                         ;
;     -- READ_DURING_WRITE_MODE_MIXED_PORTS ; OLD_DATA                     ;
+-------------------------------------------+------------------------------+


+----------------------------------------------------------------------------------------------------------------+
; Port Connectivity Checks: "cpu:CPU"                                                                            ;
+------+--------+----------+-------------------------------------------------------------------------------------+
; Port ; Type   ; Severity ; Details                                                                             ;
+------+--------+----------+-------------------------------------------------------------------------------------+
; N    ; Output ; Info     ; Connected to dangling logic. Logic that only feeds a dangling port will be removed. ;
; V    ; Output ; Info     ; Connected to dangling logic. Logic that only feeds a dangling port will be removed. ;
; Z    ; Output ; Info     ; Connected to dangling logic. Logic that only feeds a dangling port will be removed. ;
; w    ; Output ; Info     ; Connected to dangling logic. Logic that only feeds a dangling port will be removed. ;
+------+--------+----------+-------------------------------------------------------------------------------------+


+-----------------------------------------------------+
; Post-Synthesis Netlist Statistics for Top Partition ;
+-----------------------+-----------------------------+
; Type                  ; Count                       ;
+-----------------------+-----------------------------+
; arriav_ff             ; 239                         ;
;     ENA               ; 185                         ;
;     ENA SCLR          ; 9                           ;
;     ENA SLD           ; 16                          ;
;     SCLR              ; 13                          ;
;     plain             ; 16                          ;
; arriav_lcell_comb     ; 226                         ;
;     arith             ; 26                          ;
;         1 data inputs ; 10                          ;
;         4 data inputs ; 14                          ;
;         5 data inputs ; 2                           ;
;     extend            ; 8                           ;
;         7 data inputs ; 8                           ;
;     normal            ; 192                         ;
;         0 data inputs ; 1                           ;
;         2 data inputs ; 15                          ;
;         3 data inputs ; 24                          ;
;         4 data inputs ; 28                          ;
;         5 data inputs ; 58                          ;
;         6 data inputs ; 66                          ;
; boundary_port         ; 66                          ;
; stratixv_ram_block    ; 16                          ;
;                       ;                             ;
; Max LUT depth         ; 4.40                        ;
; Average LUT depth     ; 2.35                        ;
+-----------------------+-----------------------------+


+-------------------------------+
; Elapsed Time Per Partition    ;
+----------------+--------------+
; Partition Name ; Elapsed Time ;
+----------------+--------------+
; Top            ; 00:00:00     ;
+----------------+--------------+


+-------------------------------+
; Analysis & Synthesis Messages ;
+-------------------------------+
Info: *******************************************************************
Info: Running Quartus Prime Analysis & Synthesis
    Info: Version 18.1.0 Build 625 09/12/2018 SJ Lite Edition
    Info: Processing started: Thu Nov 30 21:02:47 2023
Info: Command: quartus_map --read_settings_files=on --write_settings_files=off sussybaka -c lab7_top
Warning (18236): Number of processors has not been specified which may cause overloading on shared machines.  Set the global assignment NUM_PARALLEL_PROCESSORS in your QSF to an appropriate value for best performance.
Info (20030): Parallel compilation is enabled and will use 16 of the 16 processors detected
Info (12021): Found 1 design units, including 1 entities, in source file shifter.sv
    Info (12023): Found entity 1: shifter File: C:/intelFPGA_lite/18.1/CPEN_211/211_Lab_7/yousussybaka/shifter.sv Line: 1
Info (12021): Found 4 design units, including 4 entities, in source file regfile.sv
    Info (12023): Found entity 1: decoder3to8 File: C:/intelFPGA_lite/18.1/CPEN_211/211_Lab_7/yousussybaka/regfile.sv Line: 1
    Info (12023): Found entity 2: register File: C:/intelFPGA_lite/18.1/CPEN_211/211_Lab_7/yousussybaka/regfile.sv Line: 20
    Info (12023): Found entity 3: mux8to1 File: C:/intelFPGA_lite/18.1/CPEN_211/211_Lab_7/yousussybaka/regfile.sv Line: 40
    Info (12023): Found entity 4: regfile File: C:/intelFPGA_lite/18.1/CPEN_211/211_Lab_7/yousussybaka/regfile.sv Line: 61
Info (12021): Found 2 design units, including 2 entities, in source file ram_and_misc.sv
    Info (12023): Found entity 1: RAM File: C:/intelFPGA_lite/18.1/CPEN_211/211_Lab_7/yousussybaka/RAM_and_misc.sv Line: 1
    Info (12023): Found entity 2: tri_state_controller File: C:/intelFPGA_lite/18.1/CPEN_211/211_Lab_7/yousussybaka/RAM_and_misc.sv Line: 26
Info (12021): Found 1 design units, including 1 entities, in source file fsm.sv
    Info (12023): Found entity 1: fsm File: C:/intelFPGA_lite/18.1/CPEN_211/211_Lab_7/yousussybaka/fsm.sv Line: 26
Info (12021): Found 7 design units, including 7 entities, in source file datapath.sv
    Info (12023): Found entity 1: pipeline_reg File: C:/intelFPGA_lite/18.1/CPEN_211/211_Lab_7/yousussybaka/datapath.sv Line: 5
    Info (12023): Found entity 2: sourceop_mux_a File: C:/intelFPGA_lite/18.1/CPEN_211/211_Lab_7/yousussybaka/datapath.sv Line: 26
    Info (12023): Found entity 3: sourceop_mux_b File: C:/intelFPGA_lite/18.1/CPEN_211/211_Lab_7/yousussybaka/datapath.sv Line: 40
    Info (12023): Found entity 4: shift_mux File: C:/intelFPGA_lite/18.1/CPEN_211/211_Lab_7/yousussybaka/datapath.sv Line: 54
    Info (12023): Found entity 5: writeback_mux File: C:/intelFPGA_lite/18.1/CPEN_211/211_Lab_7/yousussybaka/datapath.sv Line: 70
    Info (12023): Found entity 6: status_reg File: C:/intelFPGA_lite/18.1/CPEN_211/211_Lab_7/yousussybaka/datapath.sv Line: 88
    Info (12023): Found entity 7: datapath File: C:/intelFPGA_lite/18.1/CPEN_211/211_Lab_7/yousussybaka/datapath.sv Line: 108
Info (12021): Found 11 design units, including 11 entities, in source file cpu.sv
    Info (12023): Found entity 1: instru_reg File: C:/intelFPGA_lite/18.1/CPEN_211/211_Lab_7/yousussybaka/cpu.sv Line: 1
    Info (12023): Found entity 2: pc_reg File: C:/intelFPGA_lite/18.1/CPEN_211/211_Lab_7/yousussybaka/cpu.sv Line: 13
    Info (12023): Found entity 3: pc_reg_two_clk File: C:/intelFPGA_lite/18.1/CPEN_211/211_Lab_7/yousussybaka/cpu.sv Line: 25
    Info (12023): Found entity 4: mux3to1 File: C:/intelFPGA_lite/18.1/CPEN_211/211_Lab_7/yousussybaka/cpu.sv Line: 45
    Info (12023): Found entity 5: mux2to1pc File: C:/intelFPGA_lite/18.1/CPEN_211/211_Lab_7/yousussybaka/cpu.sv Line: 61
    Info (12023): Found entity 6: mux2to1addr File: C:/intelFPGA_lite/18.1/CPEN_211/211_Lab_7/yousussybaka/cpu.sv Line: 76
    Info (12023): Found entity 7: signextend8bit File: C:/intelFPGA_lite/18.1/CPEN_211/211_Lab_7/yousussybaka/cpu.sv Line: 90
    Info (12023): Found entity 8: signextend5bit File: C:/intelFPGA_lite/18.1/CPEN_211/211_Lab_7/yousussybaka/cpu.sv Line: 97
    Info (12023): Found entity 9: instru_decoder File: C:/intelFPGA_lite/18.1/CPEN_211/211_Lab_7/yousussybaka/cpu.sv Line: 104
    Info (12023): Found entity 10: adder File: C:/intelFPGA_lite/18.1/CPEN_211/211_Lab_7/yousussybaka/cpu.sv Line: 139
    Info (12023): Found entity 11: cpu File: C:/intelFPGA_lite/18.1/CPEN_211/211_Lab_7/yousussybaka/cpu.sv Line: 147
Info (12021): Found 1 design units, including 1 entities, in source file alu.sv
    Info (12023): Found entity 1: ALU File: C:/intelFPGA_lite/18.1/CPEN_211/211_Lab_7/yousussybaka/ALU.sv Line: 1
Info (12021): Found 4 design units, including 4 entities, in source file lab7_top.sv
    Info (12023): Found entity 1: comb_block_left File: C:/intelFPGA_lite/18.1/CPEN_211/211_Lab_7/yousussybaka/lab7_top.sv Line: 1
    Info (12023): Found entity 2: comb_block_right File: C:/intelFPGA_lite/18.1/CPEN_211/211_Lab_7/yousussybaka/lab7_top.sv Line: 16
    Info (12023): Found entity 3: regtest File: C:/intelFPGA_lite/18.1/CPEN_211/211_Lab_7/yousussybaka/lab7_top.sv Line: 32
    Info (12023): Found entity 4: lab7_top File: C:/intelFPGA_lite/18.1/CPEN_211/211_Lab_7/yousussybaka/lab7_top.sv Line: 47
Info (12127): Elaborating entity "lab7_top" for the top level hierarchy
Warning (10230): Verilog HDL assignment warning at lab7_top.sv(84): truncated value with size 16 to match size of target (8) File: C:/intelFPGA_lite/18.1/CPEN_211/211_Lab_7/yousussybaka/lab7_top.sv Line: 84
Warning (10230): Verilog HDL assignment warning at lab7_top.sv(85): truncated value with size 16 to match size of target (8) File: C:/intelFPGA_lite/18.1/CPEN_211/211_Lab_7/yousussybaka/lab7_top.sv Line: 85
Warning (10034): Output port "HEX0" at lab7_top.sv(51) has no driver File: C:/intelFPGA_lite/18.1/CPEN_211/211_Lab_7/yousussybaka/lab7_top.sv Line: 51
Warning (10034): Output port "HEX1" at lab7_top.sv(51) has no driver File: C:/intelFPGA_lite/18.1/CPEN_211/211_Lab_7/yousussybaka/lab7_top.sv Line: 51
Warning (10034): Output port "HEX2" at lab7_top.sv(51) has no driver File: C:/intelFPGA_lite/18.1/CPEN_211/211_Lab_7/yousussybaka/lab7_top.sv Line: 51
Warning (10034): Output port "HEX3" at lab7_top.sv(51) has no driver File: C:/intelFPGA_lite/18.1/CPEN_211/211_Lab_7/yousussybaka/lab7_top.sv Line: 51
Warning (10034): Output port "HEX4" at lab7_top.sv(51) has no driver File: C:/intelFPGA_lite/18.1/CPEN_211/211_Lab_7/yousussybaka/lab7_top.sv Line: 51
Warning (10034): Output port "HEX5" at lab7_top.sv(51) has no driver File: C:/intelFPGA_lite/18.1/CPEN_211/211_Lab_7/yousussybaka/lab7_top.sv Line: 51
Info (12128): Elaborating entity "cpu" for hierarchy "cpu:CPU" File: C:/intelFPGA_lite/18.1/CPEN_211/211_Lab_7/yousussybaka/lab7_top.sv Line: 64
Info (12128): Elaborating entity "instru_reg" for hierarchy "cpu:CPU|instru_reg:carrot" File: C:/intelFPGA_lite/18.1/CPEN_211/211_Lab_7/yousussybaka/cpu.sv Line: 172
Info (12128): Elaborating entity "instru_decoder" for hierarchy "cpu:CPU|instru_decoder:cucumber" File: C:/intelFPGA_lite/18.1/CPEN_211/211_Lab_7/yousussybaka/cpu.sv Line: 174
Info (12128): Elaborating entity "signextend8bit" for hierarchy "cpu:CPU|instru_decoder:cucumber|signextend8bit:lehi" File: C:/intelFPGA_lite/18.1/CPEN_211/211_Lab_7/yousussybaka/cpu.sv Line: 129
Info (12128): Elaborating entity "signextend5bit" for hierarchy "cpu:CPU|instru_decoder:cucumber|signextend5bit:hamas" File: C:/intelFPGA_lite/18.1/CPEN_211/211_Lab_7/yousussybaka/cpu.sv Line: 130
Info (12128): Elaborating entity "mux3to1" for hierarchy "cpu:CPU|instru_decoder:cucumber|mux3to1:muxsus" File: C:/intelFPGA_lite/18.1/CPEN_211/211_Lab_7/yousussybaka/cpu.sv Line: 132
Info (12128): Elaborating entity "fsm" for hierarchy "cpu:CPU|fsm:fsm_controller" File: C:/intelFPGA_lite/18.1/CPEN_211/211_Lab_7/yousussybaka/cpu.sv Line: 176
Warning (10036): Verilog HDL or VHDL warning at fsm.sv(72): object "control" assigned a value but never read File: C:/intelFPGA_lite/18.1/CPEN_211/211_Lab_7/yousussybaka/fsm.sv Line: 72
Info (10264): Verilog HDL Case Statement information at fsm.sv(221): all case item expressions in this case statement are onehot File: C:/intelFPGA_lite/18.1/CPEN_211/211_Lab_7/yousussybaka/fsm.sv Line: 221
Info (12128): Elaborating entity "adder" for hierarchy "cpu:CPU|adder:adder1" File: C:/intelFPGA_lite/18.1/CPEN_211/211_Lab_7/yousussybaka/cpu.sv Line: 178
Warning (10230): Verilog HDL assignment warning at cpu.sv(143): truncated value with size 32 to match size of target (9) File: C:/intelFPGA_lite/18.1/CPEN_211/211_Lab_7/yousussybaka/cpu.sv Line: 143
Info (12128): Elaborating entity "mux2to1pc" for hierarchy "cpu:CPU|mux2to1pc:mux1" File: C:/intelFPGA_lite/18.1/CPEN_211/211_Lab_7/yousussybaka/cpu.sv Line: 180
Info (12128): Elaborating entity "pc_reg_two_clk" for hierarchy "cpu:CPU|pc_reg_two_clk:reg_pc" File: C:/intelFPGA_lite/18.1/CPEN_211/211_Lab_7/yousussybaka/cpu.sv Line: 182
Info (12128): Elaborating entity "mux2to1addr" for hierarchy "cpu:CPU|mux2to1addr:mux2" File: C:/intelFPGA_lite/18.1/CPEN_211/211_Lab_7/yousussybaka/cpu.sv Line: 186
Info (12128): Elaborating entity "datapath" for hierarchy "cpu:CPU|datapath:DP" File: C:/intelFPGA_lite/18.1/CPEN_211/211_Lab_7/yousussybaka/cpu.sv Line: 188
Info (12128): Elaborating entity "writeback_mux" for hierarchy "cpu:CPU|datapath:DP|writeback_mux:mux1" File: C:/intelFPGA_lite/18.1/CPEN_211/211_Lab_7/yousussybaka/datapath.sv Line: 147
Info (12128): Elaborating entity "regfile" for hierarchy "cpu:CPU|datapath:DP|regfile:REGFILE" File: C:/intelFPGA_lite/18.1/CPEN_211/211_Lab_7/yousussybaka/datapath.sv Line: 149
Info (12128): Elaborating entity "decoder3to8" for hierarchy "cpu:CPU|datapath:DP|regfile:REGFILE|decoder3to8:WriteDecoder" File: C:/intelFPGA_lite/18.1/CPEN_211/211_Lab_7/yousussybaka/regfile.sv Line: 73
Info (12128): Elaborating entity "register" for hierarchy "cpu:CPU|datapath:DP|regfile:REGFILE|register:r0" File: C:/intelFPGA_lite/18.1/CPEN_211/211_Lab_7/yousussybaka/regfile.sv Line: 86
Info (12128): Elaborating entity "mux8to1" for hierarchy "cpu:CPU|datapath:DP|regfile:REGFILE|mux8to1:mux1" File: C:/intelFPGA_lite/18.1/CPEN_211/211_Lab_7/yousussybaka/regfile.sv Line: 95
Info (10264): Verilog HDL Case Statement information at regfile.sv(46): all case item expressions in this case statement are onehot File: C:/intelFPGA_lite/18.1/CPEN_211/211_Lab_7/yousussybaka/regfile.sv Line: 46
Info (12128): Elaborating entity "pipeline_reg" for hierarchy "cpu:CPU|datapath:DP|pipeline_reg:amongusA" File: C:/intelFPGA_lite/18.1/CPEN_211/211_Lab_7/yousussybaka/datapath.sv Line: 151
Info (12128): Elaborating entity "sourceop_mux_a" for hierarchy "cpu:CPU|datapath:DP|sourceop_mux_a:sussySelectA" File: C:/intelFPGA_lite/18.1/CPEN_211/211_Lab_7/yousussybaka/datapath.sv Line: 154
Info (12128): Elaborating entity "shift_mux" for hierarchy "cpu:CPU|datapath:DP|shift_mux:kissinger_is_dead" File: C:/intelFPGA_lite/18.1/CPEN_211/211_Lab_7/yousussybaka/datapath.sv Line: 156
Info (12128): Elaborating entity "shifter" for hierarchy "cpu:CPU|datapath:DP|shifter:baka" File: C:/intelFPGA_lite/18.1/CPEN_211/211_Lab_7/yousussybaka/datapath.sv Line: 158
Info (12128): Elaborating entity "sourceop_mux_b" for hierarchy "cpu:CPU|datapath:DP|sourceop_mux_b:sussySelectB" File: C:/intelFPGA_lite/18.1/CPEN_211/211_Lab_7/yousussybaka/datapath.sv Line: 160
Info (12128): Elaborating entity "ALU" for hierarchy "cpu:CPU|datapath:DP|ALU:KYS" File: C:/intelFPGA_lite/18.1/CPEN_211/211_Lab_7/yousussybaka/datapath.sv Line: 162
Warning (10036): Verilog HDL or VHDL warning at ALU.sv(7): object "negoverflow" assigned a value but never read File: C:/intelFPGA_lite/18.1/CPEN_211/211_Lab_7/yousussybaka/ALU.sv Line: 7
Warning (10036): Verilog HDL or VHDL warning at ALU.sv(8): object "posoverflow" assigned a value but never read File: C:/intelFPGA_lite/18.1/CPEN_211/211_Lab_7/yousussybaka/ALU.sv Line: 8
Info (12128): Elaborating entity "status_reg" for hierarchy "cpu:CPU|datapath:DP|status_reg:cumin" File: C:/intelFPGA_lite/18.1/CPEN_211/211_Lab_7/yousussybaka/datapath.sv Line: 164
Info (12128): Elaborating entity "RAM" for hierarchy "RAM:MEM" File: C:/intelFPGA_lite/18.1/CPEN_211/211_Lab_7/yousussybaka/lab7_top.sv Line: 70
Info (12128): Elaborating entity "tri_state_controller" for hierarchy "tri_state_controller:controller" File: C:/intelFPGA_lite/18.1/CPEN_211/211_Lab_7/yousussybaka/lab7_top.sv Line: 72
Info (12128): Elaborating entity "comb_block_left" for hierarchy "comb_block_left:controller2" File: C:/intelFPGA_lite/18.1/CPEN_211/211_Lab_7/yousussybaka/lab7_top.sv Line: 74
Info (12128): Elaborating entity "comb_block_right" for hierarchy "comb_block_right:controller3" File: C:/intelFPGA_lite/18.1/CPEN_211/211_Lab_7/yousussybaka/lab7_top.sv Line: 76
Info (12128): Elaborating entity "regtest" for hierarchy "regtest:bakakakaka" File: C:/intelFPGA_lite/18.1/CPEN_211/211_Lab_7/yousussybaka/lab7_top.sv Line: 78
Warning (13046): Tri-state node(s) do not directly drive top-level pin(s)
    Warning (13049): Converted tri-state buffer "read_data[4]" feeding internal logic into a wire File: C:/intelFPGA_lite/18.1/CPEN_211/211_Lab_7/yousussybaka/lab7_top.sv Line: 54
    Warning (13049): Converted tri-state buffer "read_data[3]" feeding internal logic into a wire File: C:/intelFPGA_lite/18.1/CPEN_211/211_Lab_7/yousussybaka/lab7_top.sv Line: 54
    Warning (13049): Converted tri-state buffer "read_data[2]" feeding internal logic into a wire File: C:/intelFPGA_lite/18.1/CPEN_211/211_Lab_7/yousussybaka/lab7_top.sv Line: 54
    Warning (13049): Converted tri-state buffer "read_data[1]" feeding internal logic into a wire File: C:/intelFPGA_lite/18.1/CPEN_211/211_Lab_7/yousussybaka/lab7_top.sv Line: 54
    Warning (13049): Converted tri-state buffer "read_data[0]" feeding internal logic into a wire File: C:/intelFPGA_lite/18.1/CPEN_211/211_Lab_7/yousussybaka/lab7_top.sv Line: 54
    Warning (13049): Converted tri-state buffer "read_data[5]" feeding internal logic into a wire File: C:/intelFPGA_lite/18.1/CPEN_211/211_Lab_7/yousussybaka/lab7_top.sv Line: 54
    Warning (13049): Converted tri-state buffer "read_data[6]" feeding internal logic into a wire File: C:/intelFPGA_lite/18.1/CPEN_211/211_Lab_7/yousussybaka/lab7_top.sv Line: 54
    Warning (13049): Converted tri-state buffer "read_data[7]" feeding internal logic into a wire File: C:/intelFPGA_lite/18.1/CPEN_211/211_Lab_7/yousussybaka/lab7_top.sv Line: 54
    Warning (13049): Converted tri-state buffer "read_data[8]" feeding internal logic into a wire File: C:/intelFPGA_lite/18.1/CPEN_211/211_Lab_7/yousussybaka/lab7_top.sv Line: 54
    Warning (13049): Converted tri-state buffer "read_data[9]" feeding internal logic into a wire File: C:/intelFPGA_lite/18.1/CPEN_211/211_Lab_7/yousussybaka/lab7_top.sv Line: 54
    Warning (13049): Converted tri-state buffer "read_data[10]" feeding internal logic into a wire File: C:/intelFPGA_lite/18.1/CPEN_211/211_Lab_7/yousussybaka/lab7_top.sv Line: 54
    Warning (13049): Converted tri-state buffer "read_data[11]" feeding internal logic into a wire File: C:/intelFPGA_lite/18.1/CPEN_211/211_Lab_7/yousussybaka/lab7_top.sv Line: 54
    Warning (13049): Converted tri-state buffer "read_data[12]" feeding internal logic into a wire File: C:/intelFPGA_lite/18.1/CPEN_211/211_Lab_7/yousussybaka/lab7_top.sv Line: 54
    Warning (13049): Converted tri-state buffer "read_data[13]" feeding internal logic into a wire File: C:/intelFPGA_lite/18.1/CPEN_211/211_Lab_7/yousussybaka/lab7_top.sv Line: 54
    Warning (13049): Converted tri-state buffer "read_data[14]" feeding internal logic into a wire File: C:/intelFPGA_lite/18.1/CPEN_211/211_Lab_7/yousussybaka/lab7_top.sv Line: 54
    Warning (13049): Converted tri-state buffer "read_data[15]" feeding internal logic into a wire File: C:/intelFPGA_lite/18.1/CPEN_211/211_Lab_7/yousussybaka/lab7_top.sv Line: 54
Info (19000): Inferred 1 megafunctions from design logic
    Info (276029): Inferred altsyncram megafunction from the following design logic: "RAM:MEM|mem_rtl_0" 
        Info (286033): Parameter OPERATION_MODE set to DUAL_PORT
        Info (286033): Parameter WIDTH_A set to 16
        Info (286033): Parameter WIDTHAD_A set to 8
        Info (286033): Parameter NUMWORDS_A set to 256
        Info (286033): Parameter WIDTH_B set to 16
        Info (286033): Parameter WIDTHAD_B set to 8
        Info (286033): Parameter NUMWORDS_B set to 256
        Info (286033): Parameter ADDRESS_ACLR_A set to NONE
        Info (286033): Parameter OUTDATA_REG_B set to UNREGISTERED
        Info (286033): Parameter ADDRESS_ACLR_B set to NONE
        Info (286033): Parameter OUTDATA_ACLR_B set to NONE
        Info (286033): Parameter ADDRESS_REG_B set to CLOCK0
        Info (286033): Parameter INDATA_ACLR_A set to NONE
        Info (286033): Parameter WRCONTROL_ACLR_A set to NONE
        Info (286033): Parameter INIT_FILE set to db/lab7_top.ram0_RAM_15119.hdl.mif
        Info (286033): Parameter READ_DURING_WRITE_MODE_MIXED_PORTS set to OLD_DATA
Info (12130): Elaborated megafunction instantiation "RAM:MEM|altsyncram:mem_rtl_0"
Info (12133): Instantiated megafunction "RAM:MEM|altsyncram:mem_rtl_0" with the following parameter:
    Info (12134): Parameter "OPERATION_MODE" = "DUAL_PORT"
    Info (12134): Parameter "WIDTH_A" = "16"
    Info (12134): Parameter "WIDTHAD_A" = "8"
    Info (12134): Parameter "NUMWORDS_A" = "256"
    Info (12134): Parameter "WIDTH_B" = "16"
    Info (12134): Parameter "WIDTHAD_B" = "8"
    Info (12134): Parameter "NUMWORDS_B" = "256"
    Info (12134): Parameter "ADDRESS_ACLR_A" = "NONE"
    Info (12134): Parameter "OUTDATA_REG_B" = "UNREGISTERED"
    Info (12134): Parameter "ADDRESS_ACLR_B" = "NONE"
    Info (12134): Parameter "OUTDATA_ACLR_B" = "NONE"
    Info (12134): Parameter "ADDRESS_REG_B" = "CLOCK0"
    Info (12134): Parameter "INDATA_ACLR_A" = "NONE"
    Info (12134): Parameter "WRCONTROL_ACLR_A" = "NONE"
    Info (12134): Parameter "INIT_FILE" = "db/lab7_top.ram0_RAM_15119.hdl.mif"
    Info (12134): Parameter "READ_DURING_WRITE_MODE_MIXED_PORTS" = "OLD_DATA"
Info (12021): Found 1 design units, including 1 entities, in source file db/altsyncram_65r1.tdf
    Info (12023): Found entity 1: altsyncram_65r1 File: C:/intelFPGA_lite/18.1/CPEN_211/211_Lab_7/yousussybaka/db/altsyncram_65r1.tdf Line: 27
Warning (13024): Output pins are stuck at VCC or GND
    Warning (13410): Pin "LEDR[8]" is stuck at GND File: C:/intelFPGA_lite/18.1/CPEN_211/211_Lab_7/yousussybaka/lab7_top.sv Line: 50
    Warning (13410): Pin "LEDR[9]" is stuck at GND File: C:/intelFPGA_lite/18.1/CPEN_211/211_Lab_7/yousussybaka/lab7_top.sv Line: 50
    Warning (13410): Pin "HEX0[0]" is stuck at GND File: C:/intelFPGA_lite/18.1/CPEN_211/211_Lab_7/yousussybaka/lab7_top.sv Line: 51
    Warning (13410): Pin "HEX0[1]" is stuck at GND File: C:/intelFPGA_lite/18.1/CPEN_211/211_Lab_7/yousussybaka/lab7_top.sv Line: 51
    Warning (13410): Pin "HEX0[2]" is stuck at GND File: C:/intelFPGA_lite/18.1/CPEN_211/211_Lab_7/yousussybaka/lab7_top.sv Line: 51
    Warning (13410): Pin "HEX0[3]" is stuck at GND File: C:/intelFPGA_lite/18.1/CPEN_211/211_Lab_7/yousussybaka/lab7_top.sv Line: 51
    Warning (13410): Pin "HEX0[4]" is stuck at GND File: C:/intelFPGA_lite/18.1/CPEN_211/211_Lab_7/yousussybaka/lab7_top.sv Line: 51
    Warning (13410): Pin "HEX0[5]" is stuck at GND File: C:/intelFPGA_lite/18.1/CPEN_211/211_Lab_7/yousussybaka/lab7_top.sv Line: 51
    Warning (13410): Pin "HEX0[6]" is stuck at GND File: C:/intelFPGA_lite/18.1/CPEN_211/211_Lab_7/yousussybaka/lab7_top.sv Line: 51
    Warning (13410): Pin "HEX1[0]" is stuck at GND File: C:/intelFPGA_lite/18.1/CPEN_211/211_Lab_7/yousussybaka/lab7_top.sv Line: 51
    Warning (13410): Pin "HEX1[1]" is stuck at GND File: C:/intelFPGA_lite/18.1/CPEN_211/211_Lab_7/yousussybaka/lab7_top.sv Line: 51
    Warning (13410): Pin "HEX1[2]" is stuck at GND File: C:/intelFPGA_lite/18.1/CPEN_211/211_Lab_7/yousussybaka/lab7_top.sv Line: 51
    Warning (13410): Pin "HEX1[3]" is stuck at GND File: C:/intelFPGA_lite/18.1/CPEN_211/211_Lab_7/yousussybaka/lab7_top.sv Line: 51
    Warning (13410): Pin "HEX1[4]" is stuck at GND File: C:/intelFPGA_lite/18.1/CPEN_211/211_Lab_7/yousussybaka/lab7_top.sv Line: 51
    Warning (13410): Pin "HEX1[5]" is stuck at GND File: C:/intelFPGA_lite/18.1/CPEN_211/211_Lab_7/yousussybaka/lab7_top.sv Line: 51
    Warning (13410): Pin "HEX1[6]" is stuck at GND File: C:/intelFPGA_lite/18.1/CPEN_211/211_Lab_7/yousussybaka/lab7_top.sv Line: 51
    Warning (13410): Pin "HEX2[0]" is stuck at GND File: C:/intelFPGA_lite/18.1/CPEN_211/211_Lab_7/yousussybaka/lab7_top.sv Line: 51
    Warning (13410): Pin "HEX2[1]" is stuck at GND File: C:/intelFPGA_lite/18.1/CPEN_211/211_Lab_7/yousussybaka/lab7_top.sv Line: 51
    Warning (13410): Pin "HEX2[2]" is stuck at GND File: C:/intelFPGA_lite/18.1/CPEN_211/211_Lab_7/yousussybaka/lab7_top.sv Line: 51
    Warning (13410): Pin "HEX2[3]" is stuck at GND File: C:/intelFPGA_lite/18.1/CPEN_211/211_Lab_7/yousussybaka/lab7_top.sv Line: 51
    Warning (13410): Pin "HEX2[4]" is stuck at GND File: C:/intelFPGA_lite/18.1/CPEN_211/211_Lab_7/yousussybaka/lab7_top.sv Line: 51
    Warning (13410): Pin "HEX2[5]" is stuck at GND File: C:/intelFPGA_lite/18.1/CPEN_211/211_Lab_7/yousussybaka/lab7_top.sv Line: 51
    Warning (13410): Pin "HEX2[6]" is stuck at GND File: C:/intelFPGA_lite/18.1/CPEN_211/211_Lab_7/yousussybaka/lab7_top.sv Line: 51
    Warning (13410): Pin "HEX3[0]" is stuck at GND File: C:/intelFPGA_lite/18.1/CPEN_211/211_Lab_7/yousussybaka/lab7_top.sv Line: 51
    Warning (13410): Pin "HEX3[1]" is stuck at GND File: C:/intelFPGA_lite/18.1/CPEN_211/211_Lab_7/yousussybaka/lab7_top.sv Line: 51
    Warning (13410): Pin "HEX3[2]" is stuck at GND File: C:/intelFPGA_lite/18.1/CPEN_211/211_Lab_7/yousussybaka/lab7_top.sv Line: 51
    Warning (13410): Pin "HEX3[3]" is stuck at GND File: C:/intelFPGA_lite/18.1/CPEN_211/211_Lab_7/yousussybaka/lab7_top.sv Line: 51
    Warning (13410): Pin "HEX3[4]" is stuck at GND File: C:/intelFPGA_lite/18.1/CPEN_211/211_Lab_7/yousussybaka/lab7_top.sv Line: 51
    Warning (13410): Pin "HEX3[5]" is stuck at GND File: C:/intelFPGA_lite/18.1/CPEN_211/211_Lab_7/yousussybaka/lab7_top.sv Line: 51
    Warning (13410): Pin "HEX3[6]" is stuck at GND File: C:/intelFPGA_lite/18.1/CPEN_211/211_Lab_7/yousussybaka/lab7_top.sv Line: 51
    Warning (13410): Pin "HEX4[0]" is stuck at GND File: C:/intelFPGA_lite/18.1/CPEN_211/211_Lab_7/yousussybaka/lab7_top.sv Line: 51
    Warning (13410): Pin "HEX4[1]" is stuck at GND File: C:/intelFPGA_lite/18.1/CPEN_211/211_Lab_7/yousussybaka/lab7_top.sv Line: 51
    Warning (13410): Pin "HEX4[2]" is stuck at GND File: C:/intelFPGA_lite/18.1/CPEN_211/211_Lab_7/yousussybaka/lab7_top.sv Line: 51
    Warning (13410): Pin "HEX4[3]" is stuck at GND File: C:/intelFPGA_lite/18.1/CPEN_211/211_Lab_7/yousussybaka/lab7_top.sv Line: 51
    Warning (13410): Pin "HEX4[4]" is stuck at GND File: C:/intelFPGA_lite/18.1/CPEN_211/211_Lab_7/yousussybaka/lab7_top.sv Line: 51
    Warning (13410): Pin "HEX4[5]" is stuck at GND File: C:/intelFPGA_lite/18.1/CPEN_211/211_Lab_7/yousussybaka/lab7_top.sv Line: 51
    Warning (13410): Pin "HEX4[6]" is stuck at GND File: C:/intelFPGA_lite/18.1/CPEN_211/211_Lab_7/yousussybaka/lab7_top.sv Line: 51
    Warning (13410): Pin "HEX5[0]" is stuck at GND File: C:/intelFPGA_lite/18.1/CPEN_211/211_Lab_7/yousussybaka/lab7_top.sv Line: 51
    Warning (13410): Pin "HEX5[1]" is stuck at GND File: C:/intelFPGA_lite/18.1/CPEN_211/211_Lab_7/yousussybaka/lab7_top.sv Line: 51
    Warning (13410): Pin "HEX5[2]" is stuck at GND File: C:/intelFPGA_lite/18.1/CPEN_211/211_Lab_7/yousussybaka/lab7_top.sv Line: 51
    Warning (13410): Pin "HEX5[3]" is stuck at GND File: C:/intelFPGA_lite/18.1/CPEN_211/211_Lab_7/yousussybaka/lab7_top.sv Line: 51
    Warning (13410): Pin "HEX5[4]" is stuck at GND File: C:/intelFPGA_lite/18.1/CPEN_211/211_Lab_7/yousussybaka/lab7_top.sv Line: 51
    Warning (13410): Pin "HEX5[5]" is stuck at GND File: C:/intelFPGA_lite/18.1/CPEN_211/211_Lab_7/yousussybaka/lab7_top.sv Line: 51
    Warning (13410): Pin "HEX5[6]" is stuck at GND File: C:/intelFPGA_lite/18.1/CPEN_211/211_Lab_7/yousussybaka/lab7_top.sv Line: 51
Info (286030): Timing-Driven Synthesis is running
Info (17049): 5 registers lost all their fanouts during netlist optimizations.
Info (144001): Generated suppressed messages file C:/intelFPGA_lite/18.1/CPEN_211/211_Lab_7/yousussybaka/output_files/lab7_top.map.smsg
Info (16010): Generating hard_block partition "hard_block:auto_generated_inst"
    Info (16011): Adding 0 node(s), including 0 DDIO, 0 PLL, 0 transceiver and 0 LCELL
Warning (21074): Design contains 4 input pin(s) that do not drive logic
    Warning (15610): No output dependent on input pin "KEY[2]" File: C:/intelFPGA_lite/18.1/CPEN_211/211_Lab_7/yousussybaka/lab7_top.sv Line: 48
    Warning (15610): No output dependent on input pin "KEY[3]" File: C:/intelFPGA_lite/18.1/CPEN_211/211_Lab_7/yousussybaka/lab7_top.sv Line: 48
    Warning (15610): No output dependent on input pin "SW[8]" File: C:/intelFPGA_lite/18.1/CPEN_211/211_Lab_7/yousussybaka/lab7_top.sv Line: 49
    Warning (15610): No output dependent on input pin "SW[9]" File: C:/intelFPGA_lite/18.1/CPEN_211/211_Lab_7/yousussybaka/lab7_top.sv Line: 49
Info (21057): Implemented 494 device resources after synthesis - the final resource count might be different
    Info (21058): Implemented 14 input pins
    Info (21059): Implemented 52 output pins
    Info (21061): Implemented 412 logic cells
    Info (21064): Implemented 16 RAM segments
Info: Quartus Prime Analysis & Synthesis was successful. 0 errors, 80 warnings
    Info: Peak virtual memory: 4903 megabytes
    Info: Processing ended: Thu Nov 30 21:02:56 2023
    Info: Elapsed time: 00:00:09
    Info: Total CPU time (on all processors): 00:00:07


+------------------------------------------+
; Analysis & Synthesis Suppressed Messages ;
+------------------------------------------+
The suppressed messages can be found in C:/intelFPGA_lite/18.1/CPEN_211/211_Lab_7/yousussybaka/output_files/lab7_top.map.smsg.


